0 info it worked if it ends with ok
1 verbose cli [ '/usr/local/Cellar/node/6.5.0/bin/node',
1 verbose cli   '/usr/local/bin/npm',
1 verbose cli   'publish' ]
2 info using npm@3.10.3
3 info using node@v6.5.0
4 verbose publish [ '.' ]
5 silly cache add args [ '.', null ]
6 verbose cache add spec .
7 silly cache add parsed spec Result {
7 silly cache add   raw: '.',
7 silly cache add   scope: null,
7 silly cache add   escapedName: null,
7 silly cache add   name: null,
7 silly cache add   rawSpec: '.',
7 silly cache add   spec: '/Users/braden/projects/purebox',
7 silly cache add   type: 'directory' }
8 verbose addLocalDirectory /Users/braden/.npm/purebox/0.0.1/package.tgz not in flight; packing
9 verbose correctMkdir /Users/braden/.npm correctMkdir not in flight; initializing
10 info lifecycle purebox@0.0.1~prepublish: purebox@0.0.1
11 silly lifecycle purebox@0.0.1~prepublish: no script for prepublish, continuing
12 verbose tar pack [ '/Users/braden/.npm/purebox/0.0.1/package.tgz',
12 verbose tar pack   '/Users/braden/projects/purebox' ]
13 verbose tarball /Users/braden/.npm/purebox/0.0.1/package.tgz
14 verbose folder /Users/braden/projects/purebox
15 verbose addLocalTarball adding from inside cache /Users/braden/.npm/purebox/0.0.1/package.tgz
16 verbose correctMkdir /Users/braden/.npm correctMkdir not in flight; initializing
17 silly cache afterAdd purebox@0.0.1
18 verbose afterAdd /Users/braden/.npm/purebox/0.0.1/package/package.json not in flight; writing
19 verbose correctMkdir /Users/braden/.npm correctMkdir not in flight; initializing
20 verbose afterAdd /Users/braden/.npm/purebox/0.0.1/package/package.json written
21 silly publish { name: 'purebox',
21 silly publish   version: '0.0.1',
21 silly publish   description: 'Functional UI state management still in early development. Don\'t use just yet.',
21 silly publish   main: 'dist/index.js',
21 silly publish   types: 'dist/index.d.ts',
21 silly publish   scripts: { build: 'rm -rf dist && webpack' },
21 silly publish   author: { name: 'Braden Snell' },
21 silly publish   license: 'MIT',
21 silly publish   dependencies: { lodash: '^4.16.4', react: '^15.3.2' },
21 silly publish   repository:
21 silly publish    { type: 'git',
21 silly publish      url: 'git+https://github.com/bradenhs/purebox.git' },
21 silly publish   devDependencies:
21 silly publish    { '@types/lodash': '^4.14.37',
21 silly publish      '@types/react': '^0.14.41',
21 silly publish      'ts-loader': '^0.9.4',
21 silly publish      typescript: '^2.0.3',
21 silly publish      webpack: '^1.13.2' },
21 silly publish   readme: 'Still in early development. Do not use.',
21 silly publish   readmeFilename: 'readme.md',
21 silly publish   gitHead: '8eff66f8e690a3a31217d1546bbfe3c972cd8458',
21 silly publish   bugs: { url: 'https://github.com/bradenhs/purebox/issues' },
21 silly publish   homepage: 'https://github.com/bradenhs/purebox#readme',
21 silly publish   _id: 'purebox@0.0.1',
21 silly publish   _shasum: '79f530c319a009ab24239ead92cdf8b8c482b0a8',
21 silly publish   _from: '.' }
22 verbose getPublishConfig undefined
23 silly mapToRegistry name purebox
24 silly mapToRegistry using default registry
25 silly mapToRegistry registry https://registry.npmjs.org/
26 silly mapToRegistry data Result {
26 silly mapToRegistry   raw: 'purebox',
26 silly mapToRegistry   scope: null,
26 silly mapToRegistry   escapedName: 'purebox',
26 silly mapToRegistry   name: 'purebox',
26 silly mapToRegistry   rawSpec: '',
26 silly mapToRegistry   spec: 'latest',
26 silly mapToRegistry   type: 'tag' }
27 silly mapToRegistry uri https://registry.npmjs.org/purebox
28 verbose publish registryBase https://registry.npmjs.org/
29 silly publish uploading /Users/braden/.npm/purebox/0.0.1/package.tgz
30 verbose request uri https://registry.npmjs.org/purebox
31 verbose request sending authorization for write operation
32 info attempt registry request try #1 at 1:34:03 PM
33 verbose request using bearer token for auth
34 verbose request id 796c23ae7363bc86
35 http request PUT https://registry.npmjs.org/purebox
36 http 403 https://registry.npmjs.org/purebox
37 verbose headers { 'content-type': 'application/json',
37 verbose headers   'cache-control': 'max-age=300',
37 verbose headers   'content-length': '95',
37 verbose headers   'accept-ranges': 'bytes',
37 verbose headers   date: 'Wed, 19 Oct 2016 19:34:03 GMT',
37 verbose headers   via: '1.1 varnish',
37 verbose headers   connection: 'keep-alive',
37 verbose headers   'x-served-by': 'cache-sjc3638-SJC',
37 verbose headers   'x-cache': 'MISS',
37 verbose headers   'x-cache-hits': '0',
37 verbose headers   'x-timer': 'S1476905643.590195,VS0,VE216',
37 verbose headers   vary: 'Accept-Encoding' }
38 verbose request invalidating /Users/braden/.npm/registry.npmjs.org/purebox on PUT
39 error publish Failed PUT 403
40 verbose stack Error: "You cannot publish over the previously published version 0.0.1." : purebox
40 verbose stack     at makeError (/usr/local/lib/node_modules/npm/node_modules/npm-registry-client/lib/request.js:264:12)
40 verbose stack     at CachingRegistryClient.<anonymous> (/usr/local/lib/node_modules/npm/node_modules/npm-registry-client/lib/request.js:252:14)
40 verbose stack     at Request._callback (/usr/local/lib/node_modules/npm/node_modules/npm-registry-client/lib/request.js:172:14)
40 verbose stack     at Request.self.callback (/usr/local/lib/node_modules/npm/node_modules/request/request.js:200:22)
40 verbose stack     at emitTwo (events.js:106:13)
40 verbose stack     at Request.emit (events.js:191:7)
40 verbose stack     at Request.<anonymous> (/usr/local/lib/node_modules/npm/node_modules/request/request.js:1067:10)
40 verbose stack     at emitOne (events.js:101:20)
40 verbose stack     at Request.emit (events.js:188:7)
40 verbose stack     at IncomingMessage.<anonymous> (/usr/local/lib/node_modules/npm/node_modules/request/request.js:988:12)
41 verbose statusCode 403
42 verbose pkgid purebox
43 verbose cwd /Users/braden/projects/purebox
44 error Darwin 16.0.0
45 error argv "/usr/local/Cellar/node/6.5.0/bin/node" "/usr/local/bin/npm" "publish"
46 error node v6.5.0
47 error npm  v3.10.3
48 error code E403
49 error "You cannot publish over the previously published version 0.0.1." : purebox
50 error If you need help, you may report this error at:
50 error     <https://github.com/npm/npm/issues>
51 verbose exit [ 1, true ]
